生成启动时间为 2023/2/1 21:52:25。
     1>项目“C:\Tape2\Tape\Tape\Tape.vcxproj”在节点 2 上(build 个目标)。
     1>InitializeBuildStatus:
         正在创建“x64\Release\Tape.unsuccessfulbuild”，因为已指定“AlwaysCreate”。
       ClCompile:
         J:\Visual Studio 2010\VC\bin\x86_amd64\CL.exe /c /Zi /nologo /W3 /WX- /O2 /Oi /GL /D WIN32 /D NDEBUG /D _CONSOLE /D _UNICODE /D UNICODE /Gm- /EHsc /MD /GS /Gy /fp:precise /Zc:wchar_t /Zc:forScope /Fo"x64\Release\\" /Fd"x64\Release\vc100.pdb" /Gd /TP /errorReport:prompt main.cpp
         main.cpp
     1>main.cpp(347): warning C4267: “参数”: 从“size_t”转换到“USHORT”，可能丢失数据
     1>main.cpp(347): warning C4267: “参数”: 从“size_t”转换到“UCHAR”，可能丢失数据
       Link:
         J:\Visual Studio 2010\VC\bin\x86_amd64\link.exe /ERRORREPORT:PROMPT /OUT:"C:\Tape2\Tape\x64\Release\Tape.exe" /INCREMENTAL:NO /NOLOGO kernel32.lib user32.lib gdi32.lib winspool.lib comdlg32.lib advapi32.lib shell32.lib ole32.lib oleaut32.lib uuid.lib odbc32.lib odbccp32.lib /MANIFEST /ManifestFile:"x64\Release\Tape.exe.intermediate.manifest" /MANIFESTUAC:"level='asInvoker' uiAccess='false'" /DEBUG /PDB:"C:\Tape2\Tape\x64\Release\Tape.pdb" /SUBSYSTEM:CONSOLE /OPT:REF /OPT:ICF /LTCG /TLBID:1 /DYNAMICBASE /NXCOMPAT /IMPLIB:"C:\Tape2\Tape\x64\Release\Tape.lib" /MACHINE:X64 x64\Release\main.obj
         x64\Release\Tape_SCSI.obj
         正在生成代码
         已完成代码的生成
         Tape.vcxproj -> C:\Tape2\Tape\x64\Release\Tape.exe
       Manifest:
         C:\Program Files (x86)\Microsoft SDKs\Windows\v7.0A\bin\mt.exe /nologo /verbose /outputresource:"C:\Tape2\Tape\x64\Release\Tape.exe;#1" /manifest x64\Release\Tape.exe.intermediate.manifest
       FinalizeBuildStatus:
         正在删除文件“x64\Release\Tape.unsuccessfulbuild”。
         正在对“x64\Release\Tape.lastbuildstate”执行 Touch 任务。
     1>已完成生成项目“C:\Tape2\Tape\Tape\Tape.vcxproj”(build 个目标)的操作。

生成成功。

已用时间 00:00:01.67
